Fri Jun 16 23:51:13 2023       
+-----------------------------------------------------------------------------+
| NVIDIA-SMI 525.60.13    Driver Version: 525.60.13    CUDA Version: 12.0     |
|-------------------------------+----------------------+----------------------+
| GPU  Name        Persistence-M| Bus-Id        Disp.A | Volatile Uncorr. ECC |
| Fan  Temp  Perf  Pwr:Usage/Cap|         Memory-Usage | GPU-Util  Compute M. |
|                               |                      |               MIG M. |
|===============================+======================+======================|
|   0  NVIDIA A100 80G...  On   | 00000000:41:00.0 Off |                    0 |
| N/A   35C    P0    43W / 300W |      0MiB / 81920MiB |      0%      Default |
|                               |                      |             Disabled |
+-------------------------------+----------------------+----------------------+
                                                                               
+-----------------------------------------------------------------------------+
| Processes:                                                                  |
|  GPU   GI   CI        PID   Type   Process name                  GPU Memory |
|        ID   ID                                                   Usage      |
|=============================================================================|
|  No running processes found                                                 |
+-----------------------------------------------------------------------------+
Collecting scikit-learn
  Using cached scikit_learn-1.2.2-cp310-cp310-manylinux_2_17_x86_64.manylinux2014_x86_64.whl (9.6 MB)
Requirement already satisfied: numpy>=1.17.3 in /mnt/campus/math/cluster/research/slurm-pr1/work_root/y53kang/.conda/envs/spoiler/lib/python3.10/site-packages (from scikit-learn) (1.24.3)
Collecting scipy>=1.3.2 (from scikit-learn)
  Using cached scipy-1.10.1-cp310-cp310-manylinux_2_17_x86_64.manylinux2014_x86_64.whl (34.4 MB)
Collecting joblib>=1.1.1 (from scikit-learn)
  Using cached joblib-1.2.0-py3-none-any.whl (297 kB)
Collecting threadpoolctl>=2.0.0 (from scikit-learn)
  Using cached threadpoolctl-3.1.0-py3-none-any.whl (14 kB)
Installing collected packages: threadpoolctl, scipy, joblib, scikit-learn
Successfully installed joblib-1.2.0 scikit-learn-1.2.2 scipy-1.10.1 threadpoolctl-3.1.0
Collecting nltk
  Using cached nltk-3.8.1-py3-none-any.whl (1.5 MB)
Collecting click (from nltk)
  Using cached click-8.1.3-py3-none-any.whl (96 kB)
Requirement already satisfied: joblib in /mnt/campus/math/cluster/research/slurm-pr1/work_root/y53kang/.conda/envs/spoiler/lib/python3.10/site-packages (from nltk) (1.2.0)
Requirement already satisfied: regex>=2021.8.3 in /mnt/campus/math/cluster/research/slurm-pr1/work_root/y53kang/.conda/envs/spoiler/lib/python3.10/site-packages (from nltk) (2023.6.3)
Requirement already satisfied: tqdm in /mnt/campus/math/cluster/research/slurm-pr1/work_root/y53kang/.conda/envs/spoiler/lib/python3.10/site-packages (from nltk) (4.65.0)
Installing collected packages: click, nltk
Successfully installed click-8.1.3 nltk-3.8.1
Collecting bert-score
  Downloading bert_score-0.3.13-py3-none-any.whl (61 kB)
     ━━━━━━━━━━━━━━━━━━━━━━━━━━━━━━━━━━━━━━━━ 61.1/61.1 kB 3.1 MB/s eta 0:00:00
Requirement already satisfied: torch>=1.0.0 in /mnt/campus/math/cluster/research/slurm-pr1/work_root/y53kang/.conda/envs/spoiler/lib/python3.10/site-packages (from bert-score) (2.0.1)
Requirement already satisfied: pandas>=1.0.1 in /mnt/campus/math/cluster/research/slurm-pr1/work_root/y53kang/.conda/envs/spoiler/lib/python3.10/site-packages (from bert-score) (2.0.2)
Requirement already satisfied: transformers>=3.0.0 in /mnt/campus/math/cluster/research/slurm-pr1/work_root/y53kang/.conda/envs/spoiler/lib/python3.10/site-packages (from bert-score) (4.30.2)
Requirement already satisfied: numpy in /mnt/campus/math/cluster/research/slurm-pr1/work_root/y53kang/.conda/envs/spoiler/lib/python3.10/site-packages (from bert-score) (1.24.3)
Requirement already satisfied: requests in /mnt/campus/math/cluster/research/slurm-pr1/work_root/y53kang/.conda/envs/spoiler/lib/python3.10/site-packages (from bert-score) (2.31.0)
Requirement already satisfied: tqdm>=4.31.1 in /mnt/campus/math/cluster/research/slurm-pr1/work_root/y53kang/.conda/envs/spoiler/lib/python3.10/site-packages (from bert-score) (4.65.0)
Collecting matplotlib (from bert-score)
  Downloading matplotlib-3.7.1-cp310-cp310-manylinux_2_17_x86_64.manylinux2014_x86_64.whl (11.6 MB)
     ━━━━━━━━━━━━━━━━━━━━━━━━━━━━━━━━━━━━━━━━ 11.6/11.6 MB 37.7 MB/s eta 0:00:00
Requirement already satisfied: packaging>=20.9 in /mnt/campus/math/cluster/research/slurm-pr1/work_root/y53kang/.conda/envs/spoiler/lib/python3.10/site-packages (from bert-score) (23.1)
Requirement already satisfied: python-dateutil>=2.8.2 in /mnt/campus/math/cluster/research/slurm-pr1/work_root/y53kang/.conda/envs/spoiler/lib/python3.10/site-packages (from pandas>=1.0.1->bert-score) (2.8.2)
Requirement already satisfied: pytz>=2020.1 in /mnt/campus/math/cluster/research/slurm-pr1/work_root/y53kang/.conda/envs/spoiler/lib/python3.10/site-packages (from pandas>=1.0.1->bert-score) (2023.3)
Requirement already satisfied: tzdata>=2022.1 in /mnt/campus/math/cluster/research/slurm-pr1/work_root/y53kang/.conda/envs/spoiler/lib/python3.10/site-packages (from pandas>=1.0.1->bert-score) (2023.3)
Requirement already satisfied: filelock in /mnt/campus/math/cluster/research/slurm-pr1/work_root/y53kang/.conda/envs/spoiler/lib/python3.10/site-packages (from torch>=1.0.0->bert-score) (3.12.2)
Requirement already satisfied: typing-extensions in /mnt/campus/math/cluster/research/slurm-pr1/work_root/y53kang/.conda/envs/spoiler/lib/python3.10/site-packages (from torch>=1.0.0->bert-score) (4.6.3)
Requirement already satisfied: sympy in /mnt/campus/math/cluster/research/slurm-pr1/work_root/y53kang/.conda/envs/spoiler/lib/python3.10/site-packages (from torch>=1.0.0->bert-score) (1.12)
Requirement already satisfied: networkx in /mnt/campus/math/cluster/research/slurm-pr1/work_root/y53kang/.conda/envs/spoiler/lib/python3.10/site-packages (from torch>=1.0.0->bert-score) (3.1)
Requirement already satisfied: jinja2 in /mnt/campus/math/cluster/research/slurm-pr1/work_root/y53kang/.conda/envs/spoiler/lib/python3.10/site-packages (from torch>=1.0.0->bert-score) (3.1.2)
Requirement already satisfied: nvidia-cuda-nvrtc-cu11==11.7.99 in /mnt/campus/math/cluster/research/slurm-pr1/work_root/y53kang/.conda/envs/spoiler/lib/python3.10/site-packages (from torch>=1.0.0->bert-score) (11.7.99)
Requirement already satisfied: nvidia-cuda-runtime-cu11==11.7.99 in /mnt/campus/math/cluster/research/slurm-pr1/work_root/y53kang/.conda/envs/spoiler/lib/python3.10/site-packages (from torch>=1.0.0->bert-score) (11.7.99)
Requirement already satisfied: nvidia-cuda-cupti-cu11==11.7.101 in /mnt/campus/math/cluster/research/slurm-pr1/work_root/y53kang/.conda/envs/spoiler/lib/python3.10/site-packages (from torch>=1.0.0->bert-score) (11.7.101)
Requirement already satisfied: nvidia-cudnn-cu11==8.5.0.96 in /mnt/campus/math/cluster/research/slurm-pr1/work_root/y53kang/.conda/envs/spoiler/lib/python3.10/site-packages (from torch>=1.0.0->bert-score) (8.5.0.96)
Requirement already satisfied: nvidia-cublas-cu11==11.10.3.66 in /mnt/campus/math/cluster/research/slurm-pr1/work_root/y53kang/.conda/envs/spoiler/lib/python3.10/site-packages (from torch>=1.0.0->bert-score) (11.10.3.66)
Requirement already satisfied: nvidia-cufft-cu11==10.9.0.58 in /mnt/campus/math/cluster/research/slurm-pr1/work_root/y53kang/.conda/envs/spoiler/lib/python3.10/site-packages (from torch>=1.0.0->bert-score) (10.9.0.58)
Requirement already satisfied: nvidia-curand-cu11==10.2.10.91 in /mnt/campus/math/cluster/research/slurm-pr1/work_root/y53kang/.conda/envs/spoiler/lib/python3.10/site-packages (from torch>=1.0.0->bert-score) (10.2.10.91)
Requirement already satisfied: nvidia-cusolver-cu11==11.4.0.1 in /mnt/campus/math/cluster/research/slurm-pr1/work_root/y53kang/.conda/envs/spoiler/lib/python3.10/site-packages (from torch>=1.0.0->bert-score) (11.4.0.1)
Requirement already satisfied: nvidia-cusparse-cu11==11.7.4.91 in /mnt/campus/math/cluster/research/slurm-pr1/work_root/y53kang/.conda/envs/spoiler/lib/python3.10/site-packages (from torch>=1.0.0->bert-score) (11.7.4.91)
Requirement already satisfied: nvidia-nccl-cu11==2.14.3 in /mnt/campus/math/cluster/research/slurm-pr1/work_root/y53kang/.conda/envs/spoiler/lib/python3.10/site-packages (from torch>=1.0.0->bert-score) (2.14.3)
Requirement already satisfied: nvidia-nvtx-cu11==11.7.91 in /mnt/campus/math/cluster/research/slurm-pr1/work_root/y53kang/.conda/envs/spoiler/lib/python3.10/site-packages (from torch>=1.0.0->bert-score) (11.7.91)
Requirement already satisfied: triton==2.0.0 in /mnt/campus/math/cluster/research/slurm-pr1/work_root/y53kang/.conda/envs/spoiler/lib/python3.10/site-packages (from torch>=1.0.0->bert-score) (2.0.0)
Requirement already satisfied: setuptools in /mnt/campus/math/cluster/research/slurm-pr1/work_root/y53kang/.conda/envs/spoiler/lib/python3.10/site-packages (from nvidia-cublas-cu11==11.10.3.66->torch>=1.0.0->bert-score) (67.8.0)
Requirement already satisfied: wheel in /mnt/campus/math/cluster/research/slurm-pr1/work_root/y53kang/.conda/envs/spoiler/lib/python3.10/site-packages (from nvidia-cublas-cu11==11.10.3.66->torch>=1.0.0->bert-score) (0.38.4)
Requirement already satisfied: cmake in /mnt/campus/math/cluster/research/slurm-pr1/work_root/y53kang/.conda/envs/spoiler/lib/python3.10/site-packages (from triton==2.0.0->torch>=1.0.0->bert-score) (3.26.4)
Requirement already satisfied: lit in /mnt/campus/math/cluster/research/slurm-pr1/work_root/y53kang/.conda/envs/spoiler/lib/python3.10/site-packages (from triton==2.0.0->torch>=1.0.0->bert-score) (16.0.6)
Requirement already satisfied: huggingface-hub<1.0,>=0.14.1 in /mnt/campus/math/cluster/research/slurm-pr1/work_root/y53kang/.conda/envs/spoiler/lib/python3.10/site-packages (from transformers>=3.0.0->bert-score) (0.15.1)
Requirement already satisfied: pyyaml>=5.1 in /mnt/campus/math/cluster/research/slurm-pr1/work_root/y53kang/.conda/envs/spoiler/lib/python3.10/site-packages (from transformers>=3.0.0->bert-score) (6.0)
Requirement already satisfied: regex!=2019.12.17 in /mnt/campus/math/cluster/research/slurm-pr1/work_root/y53kang/.conda/envs/spoiler/lib/python3.10/site-packages (from transformers>=3.0.0->bert-score) (2023.6.3)
Requirement already satisfied: tokenizers!=0.11.3,<0.14,>=0.11.1 in /mnt/campus/math/cluster/research/slurm-pr1/work_root/y53kang/.conda/envs/spoiler/lib/python3.10/site-packages (from transformers>=3.0.0->bert-score) (0.13.3)
Requirement already satisfied: safetensors>=0.3.1 in /mnt/campus/math/cluster/research/slurm-pr1/work_root/y53kang/.conda/envs/spoiler/lib/python3.10/site-packages (from transformers>=3.0.0->bert-score) (0.3.1)
Collecting contourpy>=1.0.1 (from matplotlib->bert-score)
  Downloading contourpy-1.1.0-cp310-cp310-manylinux_2_17_x86_64.manylinux2014_x86_64.whl (300 kB)
     ━━━━━━━━━━━━━━━━━━━━━━━━━━━━━━━━━━━━━━ 300.7/300.7 kB 31.2 MB/s eta 0:00:00
Collecting cycler>=0.10 (from matplotlib->bert-score)
  Using cached cycler-0.11.0-py3-none-any.whl (6.4 kB)
Collecting fonttools>=4.22.0 (from matplotlib->bert-score)
  Downloading fonttools-4.40.0-cp310-cp310-manylinux_2_17_x86_64.manylinux2014_x86_64.whl (4.2 MB)
     ━━━━━━━━━━━━━━━━━━━━━━━━━━━━━━━━━━━━━━━━ 4.2/4.2 MB 49.2 MB/s eta 0:00:00
Collecting kiwisolver>=1.0.1 (from matplotlib->bert-score)
  Using cached kiwisolver-1.4.4-cp310-cp310-manylinux_2_12_x86_64.manylinux2010_x86_64.whl (1.6 MB)
Requirement already satisfied: pillow>=6.2.0 in /mnt/campus/math/cluster/research/slurm-pr1/work_root/y53kang/.conda/envs/spoiler/lib/python3.10/site-packages (from matplotlib->bert-score) (9.5.0)
Collecting pyparsing>=2.3.1 (from matplotlib->bert-score)
  Using cached pyparsing-3.0.9-py3-none-any.whl (98 kB)
Requirement already satisfied: charset-normalizer<4,>=2 in /mnt/campus/math/cluster/research/slurm-pr1/work_root/y53kang/.conda/envs/spoiler/lib/python3.10/site-packages (from requests->bert-score) (3.1.0)
Requirement already satisfied: idna<4,>=2.5 in /mnt/campus/math/cluster/research/slurm-pr1/work_root/y53kang/.conda/envs/spoiler/lib/python3.10/site-packages (from requests->bert-score) (3.4)
Requirement already satisfied: urllib3<3,>=1.21.1 in /mnt/campus/math/cluster/research/slurm-pr1/work_root/y53kang/.conda/envs/spoiler/lib/python3.10/site-packages (from requests->bert-score) (2.0.3)
Requirement already satisfied: certifi>=2017.4.17 in /mnt/campus/math/cluster/research/slurm-pr1/work_root/y53kang/.conda/envs/spoiler/lib/python3.10/site-packages (from requests->bert-score) (2023.5.7)
Requirement already satisfied: fsspec in /mnt/campus/math/cluster/research/slurm-pr1/work_root/y53kang/.conda/envs/spoiler/lib/python3.10/site-packages (from huggingface-hub<1.0,>=0.14.1->transformers>=3.0.0->bert-score) (2023.6.0)
Requirement already satisfied: six>=1.5 in /mnt/campus/math/cluster/research/slurm-pr1/work_root/y53kang/.conda/envs/spoiler/lib/python3.10/site-packages (from python-dateutil>=2.8.2->pandas>=1.0.1->bert-score) (1.16.0)
Requirement already satisfied: MarkupSafe>=2.0 in /mnt/campus/math/cluster/research/slurm-pr1/work_root/y53kang/.conda/envs/spoiler/lib/python3.10/site-packages (from jinja2->torch>=1.0.0->bert-score) (2.1.3)
Requirement already satisfied: mpmath>=0.19 in /mnt/campus/math/cluster/research/slurm-pr1/work_root/y53kang/.conda/envs/spoiler/lib/python3.10/site-packages (from sympy->torch>=1.0.0->bert-score) (1.3.0)
Installing collected packages: pyparsing, kiwisolver, fonttools, cycler, contourpy, matplotlib, bert-score
Successfully installed bert-score-0.3.13 contourpy-1.1.0 cycler-0.11.0 fonttools-4.40.0 kiwisolver-1.4.4 matplotlib-3.7.1 pyparsing-3.0.9
